<?xml version="1.0" encoding="UTF-8"?>
<testsuite xmlns:xsi="http://www.w3.org/2001/XMLSchema-instance" xsi:schemaLocation="https://maven.apache.org/surefire/maven-surefire-plugin/xsd/surefire-test-report.xsd" name="TestSuite" time="11.648" tests="12" errors="0" skipped="11" failures="1">
  <properties>
    <property name="java.runtime.name" value="Java(TM) SE Runtime Environment"/>
    <property name="sun.boot.library.path" value="C:\Program Files\Java\jdk1.8.0_211\jre\bin"/>
    <property name="java.vm.version" value="25.211-b12"/>
    <property name="java.vm.vendor" value="Oracle Corporation"/>
    <property name="maven.multiModuleProjectDirectory" value="C:\Users\devendra.gupta\eclipse-workspace\Goibibo1"/>
    <property name="java.vendor.url" value="http://java.oracle.com/"/>
    <property name="path.separator" value=";"/>
    <property name="guice.disable.misplaced.annotation.check" value="true"/>
    <property name="java.vm.name" value="Java HotSpot(TM) 64-Bit Server VM"/>
    <property name="file.encoding.pkg" value="sun.io"/>
    <property name="user.script" value=""/>
    <property name="user.country" value="US"/>
    <property name="sun.java.launcher" value="SUN_STANDARD"/>
    <property name="sun.os.patch.level" value=""/>
    <property name="java.vm.specification.name" value="Java Virtual Machine Specification"/>
    <property name="user.dir" value="C:\Users\devendra.gupta\eclipse-workspace\Goibibo1"/>
    <property name="java.runtime.version" value="1.8.0_211-b12"/>
    <property name="java.awt.graphicsenv" value="sun.awt.Win32GraphicsEnvironment"/>
    <property name="java.endorsed.dirs" value="C:\Program Files\Java\jdk1.8.0_211\jre\lib\endorsed"/>
    <property name="os.arch" value="amd64"/>
    <property name="java.io.tmpdir" value="C:\Users\DEVEND~1.GUP\AppData\Local\Temp\"/>
    <property name="line.separator" value="&#10;"/>
    <property name="java.vm.specification.vendor" value="Oracle Corporation"/>
    <property name="user.variant" value=""/>
    <property name="os.name" value="Windows 10"/>
    <property name="classworlds.conf" value="C:\Users\devendra.gupta\eclipse-workspace\.metadata\.plugins\org.eclipse.m2e.launching\launches\m2conf3133183557991970395.tmp"/>
    <property name="sun.jnu.encoding" value="Cp1252"/>
    <property name="java.library.path" value="C:\Program Files\Java\jdk1.8.0_211\bin;C:\Windows\Sun\Java\bin;C:\Windows\system32;C:\Windows;C:/Program Files/Java/jre1.8.0_251/bin/server;C:/Program Files/Java/jre1.8.0_251/bin;C:/Program Files/Java/jre1.8.0_251/lib/amd64;C:\Program Files (x86)\Common Files\Oracle\Java\javapath;C:\Windows\system32;C:\Windows;C:\Windows\System32\Wbem;C:\Windows\System32\WindowsPowerShell\v1.0\;C:\Windows\System32\OpenSSH\;C:\Program Files (x86)\CheckPoint\Endpoint Security\Endpoint Common\bin;C:\Program Files\PuTTY\;C:\Program Files\Google\Google Apps Sync\;C:\Program Files\Google\Google Apps Migration\;C:\Program Files\Android\Android Studio\bin;C:\Users\devendra.gupta\AppData\Local\Android\Sdk\platform-tools;C:\Users\devendra.gupta\AppData\Local\Android\Sdk\tools;C:\Users\devendra.gupta\AppData\Local\Android\Sdk\build-tools;C:\Program Files\nodejs\;D:\Config file\apache-maven-3.6.1\bin;C:\Users\devendra.gupta\AppData\Roaming\npm\node_modules\allure-commandline\bin;C:\Users\devendra.gupta\Downloads\Compressed\apache-maven-3.6.1-bin\apache-maven-3.6.1\bin;C:\Program Files\dotnet\;C:\Program Files\Microsoft SQL Server\130\Tools\Binn\;C:\Program Files\Microsoft SQL Server\Client SDK\ODBC\170\Tools\Binn\;D:\Selenium Test\logstash-7.5.1\bin;D:\Selenium Test\kibana-7.5.1\bin;D:\Selenium Test\elasticsearch-7.5.1-windows-x86_64\elasticsearch-7.5.1\bin;C:\Program Files\Java\jdk1.8.0_211\bin;D:\Selenium Test\logstash-7.5.1\logstash-core\lib\jars;C:\Users\devendra.gupta\scoop\shims;C:\Users\devendra.gupta\AppData\Local\Microsoft\WindowsApps;C:\Users\devendra.gupta\AppData\Roaming\npm;C:\Users\devendra.gupta\AppData\Local\Programs\Git\cmd;C:\Users\devendra.gupta\Desktop;;."/>
    <property name="java.specification.name" value="Java Platform API Specification"/>
    <property name="java.class.version" value="52.0"/>
    <property name="sun.management.compiler" value="HotSpot 64-Bit Tiered Compilers"/>
    <property name="os.version" value="10.0"/>
    <property name="user.home" value="C:\Users\devendra.gupta"/>
    <property name="user.timezone" value="Asia/Calcutta"/>
    <property name="java.awt.printerjob" value="sun.awt.windows.WPrinterJob"/>
    <property name="java.specification.version" value="1.8"/>
    <property name="file.encoding" value="Cp1252"/>
    <property name="user.name" value="devendra.gupta"/>
    <property name="java.class.path" value="C:\Users\devendra.gupta\.p2\pool\plugins\org.eclipse.m2e.maven.runtime_1.11.0.20190220-2117\jars\plexus-classworlds-2.5.2.jar"/>
    <property name="java.vm.specification.version" value="1.8"/>
    <property name="sun.arch.data.model" value="64"/>
    <property name="java.home" value="C:\Program Files\Java\jdk1.8.0_211\jre"/>
    <property name="sun.java.command" value="org.codehaus.plexus.classworlds.launcher.Launcher -B test"/>
    <property name="java.specification.vendor" value="Oracle Corporation"/>
    <property name="user.language" value="en"/>
    <property name="awt.toolkit" value="sun.awt.windows.WToolkit"/>
    <property name="java.vm.info" value="mixed mode"/>
    <property name="java.version" value="1.8.0_211"/>
    <property name="java.ext.dirs" value="C:\Program Files\Java\jdk1.8.0_211\jre\lib\ext;C:\Windows\Sun\Java\lib\ext"/>
    <property name="sun.boot.class.path" value="C:\Program Files\Java\jdk1.8.0_211\jre\lib\resources.jar;C:\Program Files\Java\jdk1.8.0_211\jre\lib\rt.jar;C:\Program Files\Java\jdk1.8.0_211\jre\lib\sunrsasign.jar;C:\Program Files\Java\jdk1.8.0_211\jre\lib\jsse.jar;C:\Program Files\Java\jdk1.8.0_211\jre\lib\jce.jar;C:\Program Files\Java\jdk1.8.0_211\jre\lib\charsets.jar;C:\Program Files\Java\jdk1.8.0_211\jre\lib\jfr.jar;C:\Program Files\Java\jdk1.8.0_211\jre\classes"/>
    <property name="java.vendor" value="Oracle Corporation"/>
    <property name="maven.home" value="C:\Users\devendra.gupta\eclipse-workspace\Goibibo1\EMBEDDED"/>
    <property name="file.separator" value="\"/>
    <property name="java.vendor.url.bug" value="http://bugreport.sun.com/bugreport/"/>
    <property name="sun.cpu.endian" value="little"/>
    <property name="sun.io.unicode.encoding" value="UnicodeLittle"/>
    <property name="sun.desktop" value="windows"/>
    <property name="sun.cpu.isalist" value="amd64"/>
  </properties>
  <testcase name="SetupApplication" classname="Hotel_Dweb.Hotel" time="11.482">
    <failure message="session not created&#10;from chrome not reachable&#10;  (Session info: chrome=75.0.3770.80)&#10;Build info: version: &apos;3.8.1&apos;, revision: &apos;6e95a6684b&apos;, time: &apos;2017-12-01T18:33:54.468Z&apos;&#10;System info: host: &apos;DEVENDRAGUPTA&apos;, ip: &apos;192.168.30.32&apos;, os.name: &apos;Windows 10&apos;, os.arch: &apos;amd64&apos;, os.version: &apos;10.0&apos;, java.version: &apos;1.8.0_211&apos;&#10;Driver info: driver.version: ChromeDriver&#10;remote stacktrace: Backtrace:&#10;	Ordinal0 [0x00B17DF3+1474035]&#10;	Ordinal0 [0x00A907D1+919505]&#10;	Ordinal0 [0x00A2C9B9+510393]&#10;	Ordinal0 [0x00A25749+481097]&#10;	Ordinal0 [0x00A25CE7+482535]&#10;	Ordinal0 [0x00A26D55+486741]&#10;	Ordinal0 [0x00A22C2F+470063]&#10;	Ordinal0 [0x00A2D7F0+514032]&#10;	Ordinal0 [0x009E15EA+202218]&#10;	Ordinal0 [0x009E069D+198301]&#10;	Ordinal0 [0x009DEECB+192203]&#10;	Ordinal0 [0x009C5FF6+90102]&#10;	Ordinal0 [0x009C765A+95834]&#10;	Ordinal0 [0x009C7554+95572]&#10;	GetHandleVerifier [0x00C7231C+1249612]&#10;	GetHandleVerifier [0x00BC1575+525221]&#10;	GetHandleVerifier [0x00BC1310+524608]&#10;	Ordinal0 [0x00B25D28+1531176]&#10;	GetHandleVerifier [0x00BC1D4A+527226]&#10;	Ordinal0 [0x00AA75F6+1013238]&#10;	Ordinal0 [0x00AA746F+1012847]&#10;	Ordinal0 [0x00AB365B+1062491]&#10;	Ordinal0 [0x00AB379F+1062815]&#10;	Ordinal0 [0x00AB2745+1058629]&#10;	BaseThreadInitThunk [0x760F0419+25]&#10;	RtlGetAppContainerNamedObjectPath [0x7747662D+237]&#10;	RtlGetAppContainerNamedObjectPath [0x774765FD+189]&#10;" type="org.openqa.selenium.SessionNotCreatedException">org.openqa.selenium.SessionNotCreatedException: 
session not created
from chrome not reachable
  (Session info: chrome=75.0.3770.80)
Build info: version: '3.8.1', revision: '6e95a6684b', time: '2017-12-01T18:33:54.468Z'
System info: host: 'DEVENDRAGUPTA', ip: '192.168.30.32', os.name: 'Windows 10', os.arch: 'amd64', os.version: '10.0', java.version: '1.8.0_211'
Driver info: driver.version: ChromeDriver
remote stacktrace: Backtrace:
	Ordinal0 [0x00B17DF3+1474035]
	Ordinal0 [0x00A907D1+919505]
	Ordinal0 [0x00A2C9B9+510393]
	Ordinal0 [0x00A25749+481097]
	Ordinal0 [0x00A25CE7+482535]
	Ordinal0 [0x00A26D55+486741]
	Ordinal0 [0x00A22C2F+470063]
	Ordinal0 [0x00A2D7F0+514032]
	Ordinal0 [0x009E15EA+202218]
	Ordinal0 [0x009E069D+198301]
	Ordinal0 [0x009DEECB+192203]
	Ordinal0 [0x009C5FF6+90102]
	Ordinal0 [0x009C765A+95834]
	Ordinal0 [0x009C7554+95572]
	GetHandleVerifier [0x00C7231C+1249612]
	GetHandleVerifier [0x00BC1575+525221]
	GetHandleVerifier [0x00BC1310+524608]
	Ordinal0 [0x00B25D28+1531176]
	GetHandleVerifier [0x00BC1D4A+527226]
	Ordinal0 [0x00AA75F6+1013238]
	Ordinal0 [0x00AA746F+1012847]
	Ordinal0 [0x00AB365B+1062491]
	Ordinal0 [0x00AB379F+1062815]
	Ordinal0 [0x00AB2745+1058629]
	BaseThreadInitThunk [0x760F0419+25]
	RtlGetAppContainerNamedObjectPath [0x7747662D+237]
	RtlGetAppContainerNamedObjectPath [0x774765FD+189]

	at Hotel_Dweb.Hotel.SetupApplication(Hotel.java:46)
</failure>
    <system-out><![CDATA[========= Browser Seesion Started=======
]]></system-out>
    <system-err><![CDATA[Starting ChromeDriver 75.0.3770.8 (681f24ea911fe754973dda2fdc6d2a2e159dd300-refs/branch-heads/3770@{#40}) on port 45615
Only local connections are allowed.
Please protect ports used by ChromeDriver and related test frameworks to prevent access by malicious code.
[1594109816.517][WARNING]: Timed out connecting to Chrome, retrying...
]]></system-err>
  </testcase>
  <testcase name="SetupApplication" classname="Hotel_Dweb.Hotel" time="0">
    <skipped/>
  </testcase>
  <testcase name="SetupApplication" classname="Hotel_Dweb.Hotel" time="0">
    <skipped/>
  </testcase>
  <testcase name="SetupApplication" classname="Hotel_Dweb.Hotel" time="0">
    <skipped/>
  </testcase>
  <testcase name="main" classname="Hotel_Dweb.Hotel" time="0">
    <skipped message="session not created&#10;from chrome not reachable&#10;  (Session info: chrome=75.0.3770.80)&#10;Build info: version: &apos;3.8.1&apos;, revision: &apos;6e95a6684b&apos;, time: &apos;2017-12-01T18:33:54.468Z&apos;&#10;System info: host: &apos;DEVENDRAGUPTA&apos;, ip: &apos;192.168.30.32&apos;, os.name: &apos;Windows 10&apos;, os.arch: &apos;amd64&apos;, os.version: &apos;10.0&apos;, java.version: &apos;1.8.0_211&apos;&#10;Driver info: driver.version: ChromeDriver&#10;remote stacktrace: Backtrace:&#10;	Ordinal0 [0x00B17DF3+1474035]&#10;	Ordinal0 [0x00A907D1+919505]&#10;	Ordinal0 [0x00A2C9B9+510393]&#10;	Ordinal0 [0x00A25749+481097]&#10;	Ordinal0 [0x00A25CE7+482535]&#10;	Ordinal0 [0x00A26D55+486741]&#10;	Ordinal0 [0x00A22C2F+470063]&#10;	Ordinal0 [0x00A2D7F0+514032]&#10;	Ordinal0 [0x009E15EA+202218]&#10;	Ordinal0 [0x009E069D+198301]&#10;	Ordinal0 [0x009DEECB+192203]&#10;	Ordinal0 [0x009C5FF6+90102]&#10;	Ordinal0 [0x009C765A+95834]&#10;	Ordinal0 [0x009C7554+95572]&#10;	GetHandleVerifier [0x00C7231C+1249612]&#10;	GetHandleVerifier [0x00BC1575+525221]&#10;	GetHandleVerifier [0x00BC1310+524608]&#10;	Ordinal0 [0x00B25D28+1531176]&#10;	GetHandleVerifier [0x00BC1D4A+527226]&#10;	Ordinal0 [0x00AA75F6+1013238]&#10;	Ordinal0 [0x00AA746F+1012847]&#10;	Ordinal0 [0x00AB365B+1062491]&#10;	Ordinal0 [0x00AB379F+1062815]&#10;	Ordinal0 [0x00AB2745+1058629]&#10;	BaseThreadInitThunk [0x760F0419+25]&#10;	RtlGetAppContainerNamedObjectPath [0x7747662D+237]&#10;	RtlGetAppContainerNamedObjectPath [0x774765FD+189]&#10;"/>
  </testcase>
  <testcase name="main" classname="Hotel_Dweb.Hotel" time="0">
    <skipped message="session not created&#10;from chrome not reachable&#10;  (Session info: chrome=75.0.3770.80)&#10;Build info: version: &apos;3.8.1&apos;, revision: &apos;6e95a6684b&apos;, time: &apos;2017-12-01T18:33:54.468Z&apos;&#10;System info: host: &apos;DEVENDRAGUPTA&apos;, ip: &apos;192.168.30.32&apos;, os.name: &apos;Windows 10&apos;, os.arch: &apos;amd64&apos;, os.version: &apos;10.0&apos;, java.version: &apos;1.8.0_211&apos;&#10;Driver info: driver.version: ChromeDriver&#10;remote stacktrace: Backtrace:&#10;	Ordinal0 [0x00B17DF3+1474035]&#10;	Ordinal0 [0x00A907D1+919505]&#10;	Ordinal0 [0x00A2C9B9+510393]&#10;	Ordinal0 [0x00A25749+481097]&#10;	Ordinal0 [0x00A25CE7+482535]&#10;	Ordinal0 [0x00A26D55+486741]&#10;	Ordinal0 [0x00A22C2F+470063]&#10;	Ordinal0 [0x00A2D7F0+514032]&#10;	Ordinal0 [0x009E15EA+202218]&#10;	Ordinal0 [0x009E069D+198301]&#10;	Ordinal0 [0x009DEECB+192203]&#10;	Ordinal0 [0x009C5FF6+90102]&#10;	Ordinal0 [0x009C765A+95834]&#10;	Ordinal0 [0x009C7554+95572]&#10;	GetHandleVerifier [0x00C7231C+1249612]&#10;	GetHandleVerifier [0x00BC1575+525221]&#10;	GetHandleVerifier [0x00BC1310+524608]&#10;	Ordinal0 [0x00B25D28+1531176]&#10;	GetHandleVerifier [0x00BC1D4A+527226]&#10;	Ordinal0 [0x00AA75F6+1013238]&#10;	Ordinal0 [0x00AA746F+1012847]&#10;	Ordinal0 [0x00AB365B+1062491]&#10;	Ordinal0 [0x00AB379F+1062815]&#10;	Ordinal0 [0x00AB2745+1058629]&#10;	BaseThreadInitThunk [0x760F0419+25]&#10;	RtlGetAppContainerNamedObjectPath [0x7747662D+237]&#10;	RtlGetAppContainerNamedObjectPath [0x774765FD+189]&#10;"/>
  </testcase>
  <testcase name="main" classname="Hotel_Dweb.Hotel" time="0">
    <skipped message="session not created&#10;from chrome not reachable&#10;  (Session info: chrome=75.0.3770.80)&#10;Build info: version: &apos;3.8.1&apos;, revision: &apos;6e95a6684b&apos;, time: &apos;2017-12-01T18:33:54.468Z&apos;&#10;System info: host: &apos;DEVENDRAGUPTA&apos;, ip: &apos;192.168.30.32&apos;, os.name: &apos;Windows 10&apos;, os.arch: &apos;amd64&apos;, os.version: &apos;10.0&apos;, java.version: &apos;1.8.0_211&apos;&#10;Driver info: driver.version: ChromeDriver&#10;remote stacktrace: Backtrace:&#10;	Ordinal0 [0x00B17DF3+1474035]&#10;	Ordinal0 [0x00A907D1+919505]&#10;	Ordinal0 [0x00A2C9B9+510393]&#10;	Ordinal0 [0x00A25749+481097]&#10;	Ordinal0 [0x00A25CE7+482535]&#10;	Ordinal0 [0x00A26D55+486741]&#10;	Ordinal0 [0x00A22C2F+470063]&#10;	Ordinal0 [0x00A2D7F0+514032]&#10;	Ordinal0 [0x009E15EA+202218]&#10;	Ordinal0 [0x009E069D+198301]&#10;	Ordinal0 [0x009DEECB+192203]&#10;	Ordinal0 [0x009C5FF6+90102]&#10;	Ordinal0 [0x009C765A+95834]&#10;	Ordinal0 [0x009C7554+95572]&#10;	GetHandleVerifier [0x00C7231C+1249612]&#10;	GetHandleVerifier [0x00BC1575+525221]&#10;	GetHandleVerifier [0x00BC1310+524608]&#10;	Ordinal0 [0x00B25D28+1531176]&#10;	GetHandleVerifier [0x00BC1D4A+527226]&#10;	Ordinal0 [0x00AA75F6+1013238]&#10;	Ordinal0 [0x00AA746F+1012847]&#10;	Ordinal0 [0x00AB365B+1062491]&#10;	Ordinal0 [0x00AB379F+1062815]&#10;	Ordinal0 [0x00AB2745+1058629]&#10;	BaseThreadInitThunk [0x760F0419+25]&#10;	RtlGetAppContainerNamedObjectPath [0x7747662D+237]&#10;	RtlGetAppContainerNamedObjectPath [0x774765FD+189]&#10;"/>
  </testcase>
  <testcase name="main" classname="Hotel_Dweb.Hotel" time="0">
    <skipped message="session not created&#10;from chrome not reachable&#10;  (Session info: chrome=75.0.3770.80)&#10;Build info: version: &apos;3.8.1&apos;, revision: &apos;6e95a6684b&apos;, time: &apos;2017-12-01T18:33:54.468Z&apos;&#10;System info: host: &apos;DEVENDRAGUPTA&apos;, ip: &apos;192.168.30.32&apos;, os.name: &apos;Windows 10&apos;, os.arch: &apos;amd64&apos;, os.version: &apos;10.0&apos;, java.version: &apos;1.8.0_211&apos;&#10;Driver info: driver.version: ChromeDriver&#10;remote stacktrace: Backtrace:&#10;	Ordinal0 [0x00B17DF3+1474035]&#10;	Ordinal0 [0x00A907D1+919505]&#10;	Ordinal0 [0x00A2C9B9+510393]&#10;	Ordinal0 [0x00A25749+481097]&#10;	Ordinal0 [0x00A25CE7+482535]&#10;	Ordinal0 [0x00A26D55+486741]&#10;	Ordinal0 [0x00A22C2F+470063]&#10;	Ordinal0 [0x00A2D7F0+514032]&#10;	Ordinal0 [0x009E15EA+202218]&#10;	Ordinal0 [0x009E069D+198301]&#10;	Ordinal0 [0x009DEECB+192203]&#10;	Ordinal0 [0x009C5FF6+90102]&#10;	Ordinal0 [0x009C765A+95834]&#10;	Ordinal0 [0x009C7554+95572]&#10;	GetHandleVerifier [0x00C7231C+1249612]&#10;	GetHandleVerifier [0x00BC1575+525221]&#10;	GetHandleVerifier [0x00BC1310+524608]&#10;	Ordinal0 [0x00B25D28+1531176]&#10;	GetHandleVerifier [0x00BC1D4A+527226]&#10;	Ordinal0 [0x00AA75F6+1013238]&#10;	Ordinal0 [0x00AA746F+1012847]&#10;	Ordinal0 [0x00AB365B+1062491]&#10;	Ordinal0 [0x00AB379F+1062815]&#10;	Ordinal0 [0x00AB2745+1058629]&#10;	BaseThreadInitThunk [0x760F0419+25]&#10;	RtlGetAppContainerNamedObjectPath [0x7747662D+237]&#10;	RtlGetAppContainerNamedObjectPath [0x774765FD+189]&#10;"/>
  </testcase>
  <testcase name="sessionclose" classname="Hotel_Dweb.Hotel" time="0">
    <skipped/>
  </testcase>
  <testcase name="sessionclose" classname="Hotel_Dweb.Hotel" time="0">
    <skipped/>
  </testcase>
  <testcase name="sessionclose" classname="Hotel_Dweb.Hotel" time="0">
    <skipped/>
  </testcase>
  <testcase name="sessionclose" classname="Hotel_Dweb.Hotel" time="0">
    <skipped/>
  </testcase>
</testsuite>