<?xml version="1.0" encoding="UTF-8"?>
<!-- Generated by org.testng.reporters.JUnitReportReporter -->
<testsuite skipped="0" hostname="DEVENDRAGUPTA" name="Hotel_Dweb.Hotel" tests="3" failures="0" timestamp="08 Jul 2020 12:03:20 GMT" time="318.300" errors="0">
  <testcase name="main" time="103.367" classname="Hotel_Dweb.Hotel"/>
  <testcase name="main" time="104.574" classname="Hotel_Dweb.Hotel"/>
  <testcase name="main" time="110.359" classname="Hotel_Dweb.Hotel"/>
</testsuite> <!-- Hotel_Dweb.Hotel -->
